<?xml version="1.0" encoding="UTF-8"?>
<testng-results skipped="0" failed="0" ignored="0" total="1" passed="1">
  <reporter-output>
  </reporter-output>
  <suite name="Suite" duration-ms="47" started-at="2020-08-12T06:38:40Z" finished-at="2020-08-12T06:38:40Z">
    <groups>
    </groups>
    <test name="Test" duration-ms="47" started-at="2020-08-12T06:38:40Z" finished-at="2020-08-12T06:38:40Z">
      <class name="testng.Parameters_Test">
        <test-method status="PASS" signature="test1(java.lang.String)[pri:0, instance:testng.Parameters_Test@f6c48ac]" name="test1" duration-ms="18" started-at="2020-08-11T23:38:40Z" finished-at="2020-08-11T23:38:40Z">
          <params>
            <param index="0">
              <value>
                <![CDATA[TestData]]>
              </value>
            </param>
          </params>
          <reporter-output>
          </reporter-output>
        </test-method> <!-- test1 -->
      </class> <!-- testng.Parameters_Test -->
    </test> <!-- Test -->
  </suite> <!-- Suite -->
</testng-results>
