<?xml version="1.0" encoding="UTF-8"?>
<testng-results skipped="0" failed="0" ignored="1" total="3" passed="2">
  <reporter-output>
  </reporter-output>
  <suite name="Suite" duration-ms="99" started-at="2020-06-04T17:19:52Z" finished-at="2020-06-04T17:19:52Z">
    <groups>
      <group name="regressiontesting">
        <method signature="DependsOnGroups.logout()[pri:0, instance:com.testng.DependsOnGroups@5442a311]" name="logout" class="com.testng.DependsOnGroups"/>
        <method signature="DependsOnGroups.search()[pri:0, instance:com.testng.DependsOnGroups@5442a311]" name="search" class="com.testng.DependsOnGroups"/>
      </group> <!-- regressiontesting -->
      <group name="retesting">
        <method signature="DependsOnGroups.logout()[pri:0, instance:com.testng.DependsOnGroups@5442a311]" name="logout" class="com.testng.DependsOnGroups"/>
      </group> <!-- retesting -->
      <group name="smoketesting">
        <method signature="DependsOnGroups.search()[pri:0, instance:com.testng.DependsOnGroups@5442a311]" name="search" class="com.testng.DependsOnGroups"/>
      </group> <!-- smoketesting -->
    </groups>
    <test name="Test" duration-ms="99" started-at="2020-06-04T17:19:52Z" finished-at="2020-06-04T17:19:52Z">
      <class name="com.testng.DependsOnGroups">
        <test-method status="PASS" signature="logout()[pri:0, instance:com.testng.DependsOnGroups@5442a311]" name="logout" duration-ms="34" started-at="2020-06-04T10:19:52Z" finished-at="2020-06-04T10:19:52Z">
          <reporter-output>
          </reporter-output>
        </test-method> <!-- logout -->
        <test-method status="PASS" signature="search()[pri:0, instance:com.testng.DependsOnGroups@5442a311]" name="search" duration-ms="6" started-at="2020-06-04T10:19:52Z" finished-at="2020-06-04T10:19:52Z">
          <reporter-output>
          </reporter-output>
        </test-method> <!-- search -->
      </class> <!-- com.testng.DependsOnGroups -->
    </test> <!-- Test -->
  </suite> <!-- Suite -->
</testng-results>
