<?xml version="1.0" encoding="UTF-8"?>
<!-- Generated by org.testng.reporters.JUnitXMLReporter -->
<testsuite hostname="DESKTOP-CE6NAIL" ignored="1" name="Test" tests="2" failures="0" timestamp="04 Jun 2020 17:19:52 GMT" time="0.099" errors="0">
  <testcase name="logout" time="0.034" classname="com.testng.DependsOnGroups"/>
  <testcase name="search" time="0.006" classname="com.testng.DependsOnGroups"/>
  <testcase name="login" time="0.0" classname="com.testng.DependsOnGroups">
    <ignored/>
  </testcase> <!-- login -->
</testsuite> <!-- Test -->
